Author identity unknown

*** 내가 누구인지 설정하십시오.

다음을 실행하면,

  git config --global user.email "you@example.com"
  git config --global user.name "내 이름"

계정의 기본 신원 정보를 설정합니다.
--global 옵션을 빼면 이 저장소서만 신원 정보를 설정합니다.

fatal: 메일 주소를 자동 검사할 수 없습니다 ('root@server.(none)' 찾음)
fatal: could not read Password for 'https://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@github.com': 그런 장치 혹은 주소가 없음
Author identity unknown

*** 내가 누구인지 설정하십시오.

다음을 실행하면,

  git config --global user.email "you@example.com"
  git config --global user.name "내 이름"

계정의 기본 신원 정보를 설정합니다.
--global 옵션을 빼면 이 저장소서만 신원 정보를 설정합니다.

fatal: 메일 주소를 자동 검사할 수 없습니다 ('root@server.(none)' 찾음)
fatal: could not read Password for 'https://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@github.com': 그런 장치 혹은 주소가 없음
Author identity unknown

*** 내가 누구인지 설정하십시오.

다음을 실행하면,

  git config --global user.email "you@example.com"
  git config --global user.name "내 이름"

계정의 기본 신원 정보를 설정합니다.
--global 옵션을 빼면 이 저장소서만 신원 정보를 설정합니다.

fatal: 메일 주소를 자동 검사할 수 없습니다 ('root@server.(none)' 찾음)
fatal: could not read Password for 'https://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@github.com': 그런 장치 혹은 주소가 없음
Author identity unknown

*** 내가 누구인지 설정하십시오.

다음을 실행하면,

  git config --global user.email "you@example.com"
  git config --global user.name "내 이름"

계정의 기본 신원 정보를 설정합니다.
--global 옵션을 빼면 이 저장소서만 신원 정보를 설정합니다.

fatal: 메일 주소를 자동 검사할 수 없습니다 ('root@server.(none)' 찾음)
fatal: could not read Password for 'https://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@github.com': 그런 장치 혹은 주소가 없음
Author identity unknown

*** 내가 누구인지 설정하십시오.

다음을 실행하면,

  git config --global user.email "you@example.com"
  git config --global user.name "내 이름"

계정의 기본 신원 정보를 설정합니다.
--global 옵션을 빼면 이 저장소서만 신원 정보를 설정합니다.

fatal: 메일 주소를 자동 검사할 수 없습니다 ('root@server.(none)' 찾음)
fatal: could not read Password for 'https://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@github.com': 그런 장치 혹은 주소가 없음
Author identity unknown

*** 내가 누구인지 설정하십시오.

다음을 실행하면,

  git config --global user.email "you@example.com"
  git config --global user.name "내 이름"

계정의 기본 신원 정보를 설정합니다.
--global 옵션을 빼면 이 저장소서만 신원 정보를 설정합니다.

fatal: 메일 주소를 자동 검사할 수 없습니다 ('root@server.(none)' 찾음)
fatal: could not read Password for 'https://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@github.com': 그런 장치 혹은 주소가 없음
Author identity unknown

*** 내가 누구인지 설정하십시오.

다음을 실행하면,

  git config --global user.email "you@example.com"
  git config --global user.name "내 이름"

계정의 기본 신원 정보를 설정합니다.
--global 옵션을 빼면 이 저장소서만 신원 정보를 설정합니다.

fatal: 메일 주소를 자동 검사할 수 없습니다 ('root@server.(none)' 찾음)
fatal: could not read Password for 'https://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@github.com': 그런 장치 혹은 주소가 없음
Author identity unknown

*** 내가 누구인지 설정하십시오.

다음을 실행하면,

  git config --global user.email "you@example.com"
  git config --global user.name "내 이름"

계정의 기본 신원 정보를 설정합니다.
--global 옵션을 빼면 이 저장소서만 신원 정보를 설정합니다.

fatal: 메일 주소를 자동 검사할 수 없습니다 ('root@server.(none)' 찾음)
fatal: could not read Password for 'https://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@github.com': 그런 장치 혹은 주소가 없음
Author identity unknown

*** 내가 누구인지 설정하십시오.

다음을 실행하면,

  git config --global user.email "you@example.com"
  git config --global user.name "내 이름"

계정의 기본 신원 정보를 설정합니다.
--global 옵션을 빼면 이 저장소서만 신원 정보를 설정합니다.

fatal: 메일 주소를 자동 검사할 수 없습니다 ('root@server.(none)' 찾음)
fatal: could not read Password for 'https://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@github.com': 그런 장치 혹은 주소가 없음
Author identity unknown

*** 내가 누구인지 설정하십시오.

다음을 실행하면,

  git config --global user.email "you@example.com"
  git config --global user.name "내 이름"

계정의 기본 신원 정보를 설정합니다.
--global 옵션을 빼면 이 저장소서만 신원 정보를 설정합니다.

fatal: 메일 주소를 자동 검사할 수 없습니다 ('root@server.(none)' 찾음)
fatal: could not read Password for 'https://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@github.com': 그런 장치 혹은 주소가 없음
fatal: '/home/ubuntu/workspace/myGarden/.git/index.lock' 파일을 만들 수 없습니다: 파일이 있습니다.

이 저장소에서 다른 깃 프로세스가 실행 중인 것으로 보입니다. (예를
들어 'git commit' 명령으로 편집기가 열려 있다든지.) 모든 프로세스를
끝냈는지 확인하시고 다시 시도해 보십시오. 그래도 계속 실패하면, 이
저장소에서 깃 프로세스가 전에 이상 종료했을 수도 있습니다:
수동으로 해당 파일을 제거하고 계속하십시오.
