==========================
date
CPU: 5.6%
Memory: 52.76%
Disk: 78%
==========================
==========================
date
CPU: 5.9%
Memory: 52.69%
Disk: 78%
==========================
==========================
date
CPU: 5.3%
Memory: 52.69%
Disk: 78%
==========================
==========================
date
CPU: 0.0%
Memory: 52.71%
Disk: 78%
==========================
==========================
date
CPU: 5.6%
Memory: 52.71%
Disk: 78%
==========================
==========================
date
CPU: 5.9%
Memory: 52.71%
Disk: 78%
==========================
==========================
2024. 06. 12. (수) 19:21:58 KST
CPU: 0.0%
Memory: 52.67%
Disk: 78%
==========================
==========================
2024. 06. 12. (수) 19:21:59 KST
CPU: 5.6%
Memory: 52.67%
Disk: 78%
==========================
==========================
2024. 06. 12. (수) 19:22:01 KST
CPU: 10.5%
Memory: 53.08%
Disk: 78%
==========================
==========================
2024. 06. 12. (수) 19:23:15 KST
CPU: 0.0%
Memory: 53.17%
Disk: 78%
==========================
==========================
2024. 06. 12. (수) 19:23:17 KST
CPU: 0.0%
Memory: 53.20%
Disk: 78%
==========================
==========================
2024. 06. 12. (수) 19:23:18 KST
CPU: 5.9%
Memory: 53.20%
Disk: 78%
==========================
==========================
2024. 06. 12. (수) 19:23:19 KST
CPU: 5.6%
Memory: 53.20%
Disk: 78%
==========================
==========================
2024. 06. 12. (수) 19:23:21 KST
CPU: 5.6%
Memory: 53.18%
Disk: 78%
==========================
==========================
2024. 06. 12. (수) 19:23:22 KST
CPU: 5.9%
Memory: 53.22%
Disk: 78%
==========================
==========================
2024. 06. 12. (수) 19:23:24 KST
CPU: 0.0%
Memory: 53.22%
Disk: 78%
==========================
==========================
2024. 06. 12. (수) 19:23:25 KST
CPU: 5.6%
Memory: 53.22%
Disk: 78%
==========================
==========================
2024. 06. 12. (수) 19:23:26 KST
CPU: 5.6%
Memory: 53.22%
Disk: 78%
==========================
==========================
2024. 06. 12. (수) 19:23:28 KST
CPU: 6.2%
Memory: 53.22%
Disk: 78%
==========================
==========================
2024. 06. 12. (수) 19:24:11 KST
CPU: 5.9%
Memory: 53.75%
Disk: 78%
==========================
==========================
2024. 06. 12. (수) 19:24:12 KST
CPU: 0.0%
Memory: 53.75%
Disk: 78%
==========================
==========================
2024. 06. 12. (수) 19:24:13 KST
CPU: 0.0%
Memory: 53.75%
Disk: 78%
==========================
==========================
2024. 06. 12. (수) 19:24:14 KST
CPU: 11.1%
Memory: 53.75%
Disk: 78%
==========================
==========================
2024. 06. 12. (수) 19:24:15 KST
CPU: 5.9%
Memory: 53.75%
Disk: 78%
==========================
==========================
2024. 06. 12. (수) 19:24:16 KST
CPU: 0.0%
Memory: 53.75%
Disk: 78%
==========================
==========================
2024. 06. 12. (수) 19:24:18 KST
CPU: 5.9%
Memory: 53.75%
Disk: 78%
==========================
==========================
2024. 06. 12. (수) 19:24:19 KST
CPU: 0.0%
Memory: 53.75%
Disk: 78%
==========================
==========================
2024. 06. 12. (수) 19:24:20 KST
CPU: 5.9%
Memory: 53.75%
Disk: 78%
==========================
==========================
2024. 06. 12. (수) 19:25:22 KST
CPU: 0.0%
Memory: 53.78%
Disk: 78%
==========================
==========================
2024. 06. 12. (수) 19:25:23 KST
CPU: 0.0%
Memory: 53.78%
Disk: 78%
==========================
==========================
2024. 06. 12. (수) 19:25:24 KST
CPU: 0.0%
Memory: 53.78%
Disk: 78%
==========================
==========================
2024. 06. 12. (수) 19:25:26 KST
CPU: 5.9%
Memory: 53.78%
Disk: 78%
==========================
cpu 사용량이 5%를 초과하였습니다
==========================
2024. 06. 12. (수) 19:25:27 KST
CPU: 5.9%
Memory: 53.78%
Disk: 78%
==========================
cpu 사용량이 5%를 초과하였습니다
==========================
2024. 06. 12. (수) 19:25:28 KST
CPU: 6.2%
Memory: 53.78%
Disk: 78%
==========================
cpu 사용량이 5%를 초과하였습니다
==========================
2024. 06. 12. (수) 19:25:29 KST
CPU: 11.1%
Memory: 53.78%
Disk: 78%
==========================
cpu 사용량이 5%를 초과하였습니다
==========================
2024. 06. 12. (수) 19:25:30 KST
CPU: 5.9%
Memory: 53.78%
Disk: 78%
==========================
cpu 사용량이 5%를 초과하였습니다
==========================
2024. 06. 12. (수) 19:25:32 KST
CPU: 6.2%
Memory: 53.78%
Disk: 78%
==========================
cpu 사용량이 5%를 초과하였습니다
==========================
2024. 06. 12. (수) 19:25:33 KST
CPU: 0.0%
Memory: 53.78%
Disk: 78%
==========================
==========================
2024. 06. 12. (수) 19:25:34 KST
CPU: 0.0%
Memory: 53.78%
Disk: 78%
==========================
==========================
2024. 06. 12. (수) 19:25:35 KST
CPU: 0.0%
Memory: 53.78%
Disk: 78%
==========================
==========================
2024. 06. 12. (수) 19:25:36 KST
CPU: 0.0%
Memory: 53.78%
Disk: 78%
==========================
==========================
2024. 06. 12. (수) 19:25:37 KST
CPU: 5.9%
Memory: 53.78%
Disk: 78%
==========================
cpu 사용량이 5%를 초과하였습니다
==========================
2024. 06. 12. (수) 19:25:39 KST
CPU: 0.0%
Memory: 53.78%
Disk: 78%
==========================
==========================
2024. 06. 12. (수) 19:25:40 KST
CPU: 5.6%
Memory: 53.78%
Disk: 78%
==========================
cpu 사용량이 5%를 초과하였습니다
==========================
2024. 06. 12. (수) 19:25:41 KST
CPU: 5.6%
Memory: 53.78%
Disk: 78%
==========================
cpu 사용량이 5%를 초과하였습니다
==========================
2024. 06. 12. (수) 19:25:42 KST
CPU: 5.6%
Memory: 53.78%
Disk: 78%
==========================
cpu 사용량이 5%를 초과하였습니다
==========================
2024. 06. 12. (수) 19:25:43 KST
CPU: 11.1%
Memory: 53.78%
Disk: 78%
==========================
cpu 사용량이 5%를 초과하였습니다
==========================
2024. 06. 12. (수) 19:25:45 KST
CPU: 5.6%
Memory: 53.78%
Disk: 78%
==========================
cpu 사용량이 5%를 초과하였습니다
==========================
2024. 06. 12. (수) 19:25:46 KST
CPU: 6.2%
Memory: 53.78%
Disk: 78%
==========================
cpu 사용량이 5%를 초과하였습니다
==========================
2024. 06. 12. (수) 19:25:47 KST
CPU: 0.0%
Memory: 53.78%
Disk: 78%
==========================
==========================
2024. 06. 12. (수) 19:25:48 KST
CPU: 0.0%
Memory: 53.78%
Disk: 78%
==========================
==========================
2024. 06. 12. (수) 19:26:07 KST
CPU: 5.6%
Memory: 53.77%
Disk: 78%
==========================
cpu 사용량이 5%를 초과하였습니다
==========================
2024. 06. 12. (수) 19:26:09 KST
CPU: 5.9%
Memory: 53.77%
Disk: 78%
==========================
cpu 사용량이 5%를 초과하였습니다
==========================
2024. 06. 12. (수) 19:59:21 KST
CPU: 0.0%
Memory: 69.95%
Disk: 78%
==========================
==========================
2024. 06. 12. (수) 19:59:23 KST
CPU: 5.9%
Memory: 70.12%
Disk: 78%
==========================
==========================
2024. 06. 12. (수) 19:59:29 KST
CPU: 41.2%
Memory: 70.22%
Disk: 78%
==========================
cpu 사용량이 5%를 초과하였습니다
